<?xml version="1.0" encoding="UTF-8"?>
<testsuite xmlns:xsi="http://www.w3.org/2001/XMLSchema-instance" xsi:noNamespaceSchemaLocation="https://maven.apache.org/surefire/maven-surefire-plugin/xsd/surefire-test-report-3.0.xsd" version="3.0" name="com.springbootdockerk8S.SpringBootDockerK8SApplicationTests" time="5.553" tests="1" errors="0" skipped="0" failures="0">
  <properties>
[...]
</properties>
  <testcase name="contextLoads" classname="com.springbootdockerk8S.SpringBootDockerK8SApplicationTests" time="1.544">
    <system-out><![CDATA[12:32:13.004 [main] INFO org.springframework.test.context.support.AnnotationConfigContextLoaderUtils -- Could not detect default configuration classes for test class [com.springbootdockerk8S.SpringBootDockerK8SApplicationTests]: SpringBootDockerK8SApplicationTests does not declare any static, non-private, non-final, nested classes annotated with @Configuration.
12:32:13.213 [main] INFO org.springframework.boot.test.context.SpringBootTestContextBootstrapper -- Found @SpringBootConfiguration com.springbootdockerk8S.SpringBootDockerK8SApplication for test class com.springbootdockerk8S.SpringBootDockerK8SApplicationTests

  .   ____          _            __ _ _
 /\\ / ___'_ __ _ _(_)_ __  __ _ \ \ \ \
( ( )\___ | '_ | '_| | '_ \/ _` | \ \ \ \
 \\/  ___)| |_)| | | | | || (_| |  ) ) ) )
  '  |____| .__|_| |_|_| |_\__, | / / / /
 =========|_|==============|___/=/_/_/_/
 :: Spring Boot ::                (v3.2.2)

2024-02-19T12:32:14.107+05:30  INFO 11776 --- [           main] c.s.SpringBootDockerK8SApplicationTests  : Starting SpringBootDockerK8SApplicationTests using Java 19.0.2 with PID 11776 (started by himanshukhunteta in C:\Users\himanshu.khunteta\OneDrive - Nagarro\Desktop\spring-boot-docker-k8s\spring-boot-docker-k8S)
2024-02-19T12:32:14.115+05:30  INFO 11776 --- [           main] c.s.SpringBootDockerK8SApplicationTests  : No active profile set, falling back to 1 default profile: "default"
2024-02-19T12:32:16.677+05:30  INFO 11776 --- [           main] c.s.SpringBootDockerK8SApplicationTests  : Started SpringBootDockerK8SApplicationTests in 3.174 seconds (process running for 5.424)
]]></system-out>
  </testcase>
</testsuite>